16:18:42.334 [main] INFO  com.openclassrooms.api.ApiApplication - Starting ApiApplication using Java 17.0.10 with PID 10499 (/home/yenx/Documents/projett/p5/api/target/classes started by yenx in /home/yenx/Documents/projett/p5/api)
16:18:42.387 [main] INFO  com.openclassrooms.api.ApiApplication - No active profile set, falling back to 1 default profile: "default"
16:18:45.747 [main] INFO  org.springframework.boot.web.embedded.tomcat.TomcatWebServer - Tomcat initialized with port 8080 (http)
16:18:46.664 [main] INFO  org.springframework.boot.autoconfigure.h2.H2ConsoleAutoConfiguration - H2 console available at '/h2-console'. Database available at 'jdbc:h2:mem:users'
16:18:52.509 [main] INFO  org.springframework.boot.web.embedded.tomcat.TomcatWebServer - Tomcat started on port 8080 (http) with context path ''
16:18:52.532 [main] INFO  com.openclassrooms.api.ApiApplication - Started ApiApplication in 11.21 seconds (process running for 15.154)
16:30:14.515 [main] INFO  com.openclassrooms.api.ApiApplication - Starting ApiApplication using Java 17.0.10 with PID 11996 (/home/yenx/Documents/projett/p5/api/target/classes started by yenx in /home/yenx/Documents/projett/p5/api)
16:30:14.538 [main] INFO  com.openclassrooms.api.ApiApplication - No active profile set, falling back to 1 default profile: "default"
16:30:18.562 [main] INFO  org.springframework.boot.web.embedded.tomcat.TomcatWebServer - Tomcat initialized with port 8080 (http)
16:30:21.002 [main] INFO  org.springframework.boot.autoconfigure.h2.H2ConsoleAutoConfiguration - H2 console available at '/h2-console'. Database available at 'jdbc:h2:mem:users'
16:30:35.341 [main] INFO  org.springframework.boot.web.embedded.tomcat.TomcatWebServer - Tomcat started on port 8080 (http) with context path ''
16:30:35.364 [main] INFO  com.openclassrooms.api.ApiApplication - Started ApiApplication in 21.749 seconds (process running for 24.018)
16:31:42.548 [main] ERROR org.springframework.boot.diagnostics.LoggingFailureAnalysisReporter - 

***************************
APPLICATION FAILED TO START
***************************

Description:

An attempt was made to call a method that does not exist. The attempt was made from the following location:

    org.springframework.boot.logging.log4j2.Log4J2LoggingSystem.initialize(Log4J2LoggingSystem.java:243)

The following method did not exist:

    'void org.apache.logging.log4j.util.PropertiesUtil.addPropertySource(org.apache.logging.log4j.util.PropertySource)'

The calling method's class, org.springframework.boot.logging.log4j2.Log4J2LoggingSystem, was loaded from the following location:

    jar:file:/home/yenx/.m2/repository/org/springframework/boot/spring-boot/3.2.2/spring-boot-3.2.2.jar!/org/springframework/boot/logging/log4j2/Log4J2LoggingSystem.class

The called method's class, org.apache.logging.log4j.util.PropertiesUtil, is available from the following locations:

    jar:file:/home/yenx/.m2/repository/org/apache/logging/log4j/log4j-api/2.14.1/log4j-api-2.14.1.jar!/org/apache/logging/log4j/util/PropertiesUtil.class

The called method's class hierarchy was loaded from the following locations:

    org.apache.logging.log4j.util.PropertiesUtil: file:/home/yenx/.m2/repository/org/apache/logging/log4j/log4j-api/2.14.1/log4j-api-2.14.1.jar


Action:

Correct the classpath of your application so that it contains compatible versions of the classes org.springframework.boot.logging.log4j2.Log4J2LoggingSystem and org.apache.logging.log4j.util.PropertiesUtil

16:32:14.562 [main] ERROR org.springframework.boot.diagnostics.LoggingFailureAnalysisReporter - 

***************************
APPLICATION FAILED TO START
***************************

Description:

An attempt was made to call a method that does not exist. The attempt was made from the following location:

    org.springframework.boot.logging.log4j2.Log4J2LoggingSystem.initialize(Log4J2LoggingSystem.java:243)

The following method did not exist:

    'void org.apache.logging.log4j.util.PropertiesUtil.addPropertySource(org.apache.logging.log4j.util.PropertySource)'

The calling method's class, org.springframework.boot.logging.log4j2.Log4J2LoggingSystem, was loaded from the following location:

    jar:file:/home/yenx/.m2/repository/org/springframework/boot/spring-boot/3.2.2/spring-boot-3.2.2.jar!/org/springframework/boot/logging/log4j2/Log4J2LoggingSystem.class

The called method's class, org.apache.logging.log4j.util.PropertiesUtil, is available from the following locations:

    jar:file:/home/yenx/.m2/repository/org/apache/logging/log4j/log4j-api/2.14.1/log4j-api-2.14.1.jar!/org/apache/logging/log4j/util/PropertiesUtil.class

The called method's class hierarchy was loaded from the following locations:

    org.apache.logging.log4j.util.PropertiesUtil: file:/home/yenx/.m2/repository/org/apache/logging/log4j/log4j-api/2.14.1/log4j-api-2.14.1.jar


Action:

Correct the classpath of your application so that it contains compatible versions of the classes org.springframework.boot.logging.log4j2.Log4J2LoggingSystem and org.apache.logging.log4j.util.PropertiesUtil

16:34:56.885 [main] ERROR org.springframework.boot.diagnostics.LoggingFailureAnalysisReporter - 

***************************
APPLICATION FAILED TO START
***************************

Description:

An attempt was made to call a method that does not exist. The attempt was made from the following location:

    org.springframework.boot.logging.log4j2.Log4J2LoggingSystem.initialize(Log4J2LoggingSystem.java:243)

The following method did not exist:

    'void org.apache.logging.log4j.util.PropertiesUtil.addPropertySource(org.apache.logging.log4j.util.PropertySource)'

The calling method's class, org.springframework.boot.logging.log4j2.Log4J2LoggingSystem, was loaded from the following location:

    jar:file:/home/yenx/.m2/repository/org/springframework/boot/spring-boot/3.2.2/spring-boot-3.2.2.jar!/org/springframework/boot/logging/log4j2/Log4J2LoggingSystem.class

The called method's class, org.apache.logging.log4j.util.PropertiesUtil, is available from the following locations:

    jar:file:/home/yenx/.m2/repository/org/apache/logging/log4j/log4j-api/2.14.1/log4j-api-2.14.1.jar!/org/apache/logging/log4j/util/PropertiesUtil.class

The called method's class hierarchy was loaded from the following locations:

    org.apache.logging.log4j.util.PropertiesUtil: file:/home/yenx/.m2/repository/org/apache/logging/log4j/log4j-api/2.14.1/log4j-api-2.14.1.jar


Action:

Correct the classpath of your application so that it contains compatible versions of the classes org.springframework.boot.logging.log4j2.Log4J2LoggingSystem and org.apache.logging.log4j.util.PropertiesUtil

16:43:44.199 [main] INFO  com.openclassrooms.api.ApiApplication - Starting ApiApplication using Java 17.0.10 with PID 12756 (/home/yenx/Documents/projett/p5/api/target/classes started by yenx in /home/yenx/Documents/projett/p5/api)
16:43:44.229 [main] INFO  com.openclassrooms.api.ApiApplication - No active profile set, falling back to 1 default profile: "default"
16:43:47.057 [main] INFO  org.springframework.boot.web.embedded.tomcat.TomcatWebServer - Tomcat initialized with port 8080 (http)
16:43:47.848 [main] INFO  org.springframework.boot.autoconfigure.h2.H2ConsoleAutoConfiguration - H2 console available at '/h2-console'. Database available at 'jdbc:h2:mem:users'
16:43:50.908 [main] INFO  org.springframework.boot.web.embedded.tomcat.TomcatWebServer - Tomcat started on port 8080 (http) with context path ''
16:43:50.931 [main] INFO  com.openclassrooms.api.ApiApplication - Started ApiApplication in 7.562 seconds (process running for 9.591)
16:44:26.161 [http-nio-8080-exec-2] INFO  com.openclassrooms.api.controller.PersonController - Person added successfully: com.openclassrooms.api.model.Person@2f90130a
16:48:57.334 [main] INFO  com.openclassrooms.api.ApiApplication - Starting ApiApplication using Java 17.0.10 with PID 13057 (/home/yenx/Documents/projett/p5/api/target/classes started by yenx in /home/yenx/Documents/projett/p5/api)
16:48:57.346 [main] INFO  com.openclassrooms.api.ApiApplication - No active profile set, falling back to 1 default profile: "default"
16:48:59.981 [main] INFO  org.springframework.boot.web.embedded.tomcat.TomcatWebServer - Tomcat initialized with port 8080 (http)
16:49:00.925 [main] INFO  org.springframework.boot.autoconfigure.h2.H2ConsoleAutoConfiguration - H2 console available at '/h2-console'. Database available at 'jdbc:h2:mem:users'
16:49:04.939 [main] INFO  org.springframework.boot.web.embedded.tomcat.TomcatWebServer - Tomcat started on port 8080 (http) with context path ''
16:49:04.966 [main] INFO  com.openclassrooms.api.ApiApplication - Started ApiApplication in 8.351 seconds (process running for 10.02)
16:49:16.198 [http-nio-8080-exec-2] INFO  com.openclassrooms.api.controller.PersonController - Person added successfully: com.openclassrooms.api.model.Person@7196811d
16:51:09.606 [http-nio-8080-exec-6] INFO  com.openclassrooms.api.controller.PersonController - Person deleted successfully: test test
